VeslinkReportExport.exe Information: 0 : Test message.
VeslinkReportExport.exe Information: 0 : 20-03-2022 17:51:19 - An error occurred while generating the excel file: C:\Desarrollos\Veslink\Repos\ReportExport\VeslinkReportExport\bin\Debug\Veslink.Business.dll\..\..\Resources\ReportTemplate.xlsx
VeslinkReportExport.exe Information: 0 : 20-03-2022 19:33:27 - An error occurred while generating the excel file: El proceso no puede obtener acceso al archivo 'C:\Desarrollos\Veslink\Repos\ReportExport\VeslinkReportExport\bin\Debug\sample.xlsx' porque está siendo utilizado en otro proceso.
VeslinkReportExport.exe Information: 0 : 20-03-2022 19:34:22 - An error occurred while generating the excel file: El proceso no puede obtener acceso al archivo 'C:\Desarrollos\Veslink\Repos\ReportExport\VeslinkReportExport\bin\Debug\sample.xlsx' porque está siendo utilizado en otro proceso.
VeslinkReportExport.exe Information: 0 : 20-03-2022 20:07:39 - Vessel Report Generator has started successfully
VeslinkReportExport.exe Information: 0 : 20-03-2022 20:08:06 - Generating report for the following parameters Vessel: GGPA - Voyage: 71
VeslinkReportExport.exe Information: 0 : 20-03-2022 20:08:08 - Report has been generated successfully - FileName: VesselReport20220320080808.xlsx
VeslinkReportExport.exe Information: 0 : 20-03-2022 20:11:09 - Vessel Report Generator has started successfully
VeslinkReportExport.exe Information: 0 : 20-03-2022 20:11:49 - Generating report for the following parameters Vessel: GGPA - Voyage: 71
VeslinkReportExport.exe Information: 0 : 20-03-2022 20:11:51 - Report has been generated successfully - FileName: VesselReport_20220320081151.xlsx
VeslinkReportExport.exe Information: 0 : 20-03-2022 20:16:58 - Vessel Report Generator has started successfully
VeslinkReportExport.exe Information: 0 : 20-03-2022 20:21:19 - Vessel Report Generator has started successfully
VeslinkReportExport.exe Information: 0 : 20-03-2022 20:22:05 - Vessel Report Generator has started successfully
VeslinkReportExport.exe Information: 0 : 20-03-2022 20:23:43 - Vessel Report Generator has started successfully
VeslinkReportExport.exe Information: 0 : 20-03-2022 20:24:13 - Generating report for the following parameters Vessel: GGPA - Voyage: 71
VeslinkReportExport.exe Information: 0 : 20-03-2022 20:24:15 - Report has been generated successfully - FileName: VesselReport_20220320082414.xlsx
VeslinkReportExport.exe Information: 0 : 20-03-2022 20:32:23 - Vessel Report Generator has started successfully
VeslinkReportExport.exe Information: 0 : 20-03-2022 20:32:24 - Successfully logged in
VeslinkReportExport.exe Information: 0 : 21-03-2022 10:54:01 - Vessel Report Generator has started successfully
VeslinkReportExport.exe Information: 0 : 21-03-2022 11:01:34 - Vessel Report Generator has started successfully
VeslinkReportExport.exe Information: 0 : 21-03-2022 11:01:41 - Vessel Report Generator has started successfully
VeslinkReportExport.exe Information: 0 : 21-03-2022 11:17:49 - Vessel Report Generator has started successfully
VeslinkReportExport.exe Information: 0 : 21-03-2022 11:20:19 - Vessel Report Generator has started successfully
VeslinkReportExport.exe Information: 0 : 21-03-2022 11:20:27 - Vessel Report Generator has started successfully
VeslinkReportExport.exe Information: 0 : 21-03-2022 11:21:57 - Successfully logged in
VeslinkReportExport.exe Information: 0 : 21-03-2022 11:22:01 - Vessel Report Generator has started successfully
VeslinkReportExport.exe Information: 0 : 21-03-2022 11:38:07 - Successfully logged in
VeslinkReportExport.exe Information: 0 : 21-03-2022 11:38:09 - Vessel Report Generator has started successfully
VeslinkReportExport.exe Information: 0 : 21-03-2022 11:38:29 - Generating report for the following parameters Vessel: GGPA - Voyage: 71
VeslinkReportExport.exe Information: 0 : 21-03-2022 11:44:28 - Successfully logged in
VeslinkReportExport.exe Information: 0 : 21-03-2022 11:44:30 - Vessel Report Generator has started successfully
VeslinkReportExport.exe Information: 0 : 21-03-2022 11:44:51 - Generating report for the following parameters Vessel: GGPA - Voyage: 71
VeslinkReportExport.exe Information: 0 : 21-03-2022 11:45:07 - Report has been generated successfully - FileName: System.Byte[]
VeslinkReportExport.exe Information: 0 : 21-03-2022 11:49:09 - Successfully logged in
VeslinkReportExport.exe Information: 0 : 21-03-2022 11:49:27 - Vessel Report Generator has started successfully
VeslinkReportExport.exe Information: 0 : 21-03-2022 11:49:52 - Generating report for the following parameters Vessel: GGPA - Voyage: 71
VeslinkReportExport.exe Information: 0 : 21-03-2022 11:50:00 - Report has been generated successfully - FileName: C:\Desarrollos\Veslink\Docs\TestingReport.xlsx
VeslinkReportExport.exe Information: 0 : 23-03-2022 21:33:25 - Successfully logged in
VeslinkReportExport.exe Information: 0 : 23-03-2022 21:33:35 - Vessel Report Generator has started successfully
VeslinkReportExport.exe Information: 0 : 23-03-2022 21:40:06 - Successfully logged in
VeslinkReportExport.exe Information: 0 : 23-03-2022 21:40:09 - Vessel Report Generator has started successfully
VeslinkReportExport.exe Information: 0 : 23-03-2022 21:45:32 - Successfully logged in
VeslinkReportExport.exe Information: 0 : 23-03-2022 21:45:35 - Vessel Report Generator has started successfully
VeslinkReportExport.exe Information: 0 : 23-03-2022 23:03:45 - Successfully logged in
VeslinkReportExport.exe Information: 0 : 23-03-2022 23:03:49 - Vessel Report Generator has started successfully
VeslinkReportExport.exe Information: 0 : 23-03-2022 23:04:21 - Generating report for the following parameters Vessel: GGPA - Voyage: 71
VeslinkReportExport.exe Information: 0 : 23-03-2022 23:06:37 - Successfully logged in
VeslinkReportExport.exe Information: 0 : 23-03-2022 23:06:40 - Vessel Report Generator has started successfully
VeslinkReportExport.exe Information: 0 : 23-03-2022 23:07:00 - Generating report for the following parameters Vessel: GGPA - Voyage: 71
VeslinkReportExport.exe Error: 0 : 23-03-2022 23:08:07 - An error occurred while generating the excel file: El proceso no puede obtener acceso al archivo 'C:\Desarrollos\Veslink\Docs\TestingReport.xlsx' porque está siendo utilizado en otro proceso.
VeslinkReportExport.exe Information: 0 : 23-03-2022 23:09:54 - Vessel Report Generator has started successfully
VeslinkReportExport.exe Information: 0 : 23-03-2022 23:10:27 - Generating report for the following parameters Vessel: GGPA - Voyage: 71
VeslinkReportExport.exe Information: 0 : 23-03-2022 23:10:34 - Report has been generated successfully - FileName: C:\Desarrollos\Veslink\Docs\TestingReport.xlsx
VeslinkReportExport.exe Information: 0 : 24-03-2022 0:32:11 - Successfully logged in
VeslinkReportExport.exe Information: 0 : 24-03-2022 0:32:15 - Vessel Report Generator has started successfully
VeslinkReportExport.exe Information: 0 : 24-03-2022 0:32:44 - Generating report for the following parameters Vessel: GGPA - Voyage: 71
VeslinkReportExport.exe Information: 0 : 24-03-2022 0:34:23 - Successfully logged in
VeslinkReportExport.exe Information: 0 : 24-03-2022 0:34:25 - Vessel Report Generator has started successfully
VeslinkReportExport.exe Information: 0 : 24-03-2022 0:34:43 - Generating report for the following parameters Vessel: GGPA - Voyage: 71
VeslinkReportExport.exe Information: 0 : 24-03-2022 0:35:40 - Successfully logged in
VeslinkReportExport.exe Information: 0 : 24-03-2022 0:35:42 - Vessel Report Generator has started successfully
VeslinkReportExport.exe Information: 0 : 24-03-2022 0:36:03 - Generating report for the following parameters Vessel: GGPA - Voyage: 71
VeslinkReportExport.exe Information: 0 : 24-03-2022 0:47:33 - Successfully logged in
VeslinkReportExport.exe Information: 0 : 24-03-2022 0:47:39 - Vessel Report Generator has started successfully
VeslinkReportExport.exe Information: 0 : 24-03-2022 0:47:56 - Generating report for the following parameters Vessel: GGPA - Voyage: 71
VeslinkReportExport.exe Information: 0 : 24-03-2022 0:50:37 - Successfully logged in
VeslinkReportExport.exe Information: 0 : 24-03-2022 0:50:39 - Vessel Report Generator has started successfully
VeslinkReportExport.exe Information: 0 : 24-03-2022 0:51:04 - Generating report for the following parameters Vessel: GGPA - Voyage: 71
VeslinkReportExport.exe Information: 0 : 24-03-2022 0:53:45 - Report has been generated successfully - FileName: C:\Desarrollos\Veslink\Docs\TestingReport.xlsx
VeslinkReportExport.exe Information: 0 : 24-03-2022 0:54:42 - Generating report for the following parameters Vessel: GGPA - Voyage: 71
VeslinkReportExport.exe Information: 0 : 24-03-2022 0:54:49 - Report has been generated successfully - FileName: C:\Desarrollos\Veslink\Docs\TestingReport.xlsx
VeslinkReportExport.exe Information: 0 : 24-03-2022 0:55:14 - Successfully logged in
VeslinkReportExport.exe Information: 0 : 24-03-2022 0:55:21 - Vessel Report Generator has started successfully
VeslinkReportExport.exe Information: 0 : 24-03-2022 0:55:39 - Generating report for the following parameters Vessel: GGPA - Voyage: 71
VeslinkReportExport.exe Information: 0 : 24-03-2022 0:55:52 - Report has been generated successfully - FileName: C:\Desarrollos\Veslink\Docs\TestingReport.xlsx
VeslinkReportExport.exe Information: 0 : 24-03-2022 19:57:46 - Successfully logged in
VeslinkReportExport.exe Information: 0 : 24-03-2022 19:57:52 - Vessel Report Generator has started successfully
VeslinkReportExport.exe Information: 0 : 24-03-2022 19:58:12 - Generating report for the following parameters Vessel: GGPA - Voyage: 71
VeslinkReportExport.exe Information: 0 : 24-03-2022 19:59:57 - Successfully logged in
VeslinkReportExport.exe Information: 0 : 24-03-2022 20:00:04 - Vessel Report Generator has started successfully
VeslinkReportExport.exe Information: 0 : 24-03-2022 20:00:20 - Generating report for the following parameters Vessel: GGPA - Voyage: 71
VeslinkReportExport.exe Information: 0 : 24-03-2022 20:01:42 - Successfully logged in
VeslinkReportExport.exe Information: 0 : 24-03-2022 20:01:44 - Vessel Report Generator has started successfully
VeslinkReportExport.exe Information: 0 : 24-03-2022 20:02:00 - Generating report for the following parameters Vessel: GGPA - Voyage: 71
VeslinkReportExport.exe Information: 0 : 24-03-2022 20:04:34 - Successfully logged in
VeslinkReportExport.exe Information: 0 : 24-03-2022 20:05:12 - Vessel Report Generator has started successfully
VeslinkReportExport.exe Information: 0 : 24-03-2022 20:05:30 - Generating report for the following parameters Vessel: GGPA - Voyage: 71
VeslinkReportExport.exe Information: 0 : 24-03-2022 20:09:25 - Successfully logged in
VeslinkReportExport.exe Information: 0 : 24-03-2022 20:09:29 - Vessel Report Generator has started successfully
VeslinkReportExport.exe Information: 0 : 24-03-2022 20:09:45 - Generating report for the following parameters Vessel: GGPA - Voyage: 71
VeslinkReportExport.exe Information: 0 : 24-03-2022 20:11:44 - Successfully logged in
VeslinkReportExport.exe Information: 0 : 24-03-2022 20:11:46 - Vessel Report Generator has started successfully
VeslinkReportExport.exe Information: 0 : 24-03-2022 20:12:05 - Generating report for the following parameters Vessel: GGPA - Voyage: 71
VeslinkReportExport.exe Information: 0 : 24-03-2022 20:16:37 - Successfully logged in
VeslinkReportExport.exe Information: 0 : 24-03-2022 20:16:39 - Vessel Report Generator has started successfully
VeslinkReportExport.exe Information: 0 : 24-03-2022 20:16:56 - Generating report for the following parameters Vessel: GGPA - Voyage: 71
VeslinkReportExport.exe Information: 0 : 24-03-2022 21:33:44 - Successfully logged in
VeslinkReportExport.exe Information: 0 : 24-03-2022 21:33:48 - Vessel Report Generator has started successfully
VeslinkReportExport.exe Information: 0 : 24-03-2022 21:34:08 - Generating report for the following parameters Vessel: GGPA - Voyage: 71
VeslinkReportExport.exe Information: 0 : 24-03-2022 21:34:22 - Report has been generated successfully - FileName: C:\Desarrollos\Veslink\Docs\TestingReport.xlsx
VeslinkReportExport.exe Information: 0 : 24-03-2022 21:36:40 - Generating report for the following parameters Vessel: GGPA - Voyage: 71
VeslinkReportExport.exe Information: 0 : 24-03-2022 21:46:02 - Successfully logged in
VeslinkReportExport.exe Information: 0 : 24-03-2022 21:46:05 - Vessel Report Generator has started successfully
VeslinkReportExport.exe Information: 0 : 24-03-2022 21:46:56 - Generating report for the following parameters Vessel: GGPA - Voyage: 71
VeslinkReportExport.exe Information: 0 : 24-03-2022 21:51:45 - Report has been generated successfully - FileName: 
VeslinkReportExport.exe Information: 0 : 24-03-2022 22:10:29 - Successfully logged in
VeslinkReportExport.exe Information: 0 : 24-03-2022 22:10:33 - Vessel Report Generator has started successfully
VeslinkReportExport.exe Information: 0 : 24-03-2022 22:10:59 - Generating report for the following parameters Vessel: GGPA - Voyage: 71
VeslinkReportExport.exe Information: 0 : 24-03-2022 22:11:21 - Report has been generated successfully - FileName: C:\Desarrollos\Veslink\Docs\TestingReport.xlsx
VeslinkReportExport.exe Information: 0 : 24-03-2022 22:11:27 - Generating report for the following parameters Vessel: GGPA - Voyage: 71
VeslinkReportExport.exe Information: 0 : 24-03-2022 22:11:35 - Report has been generated successfully - FileName: C:\Desarrollos\Veslink\Docs\TestingReport.xlsx
VeslinkReportExport.exe Information: 0 : 24-03-2022 22:20:25 - Successfully logged in
VeslinkReportExport.exe Information: 0 : 24-03-2022 22:20:29 - Vessel Report Generator has started successfully
VeslinkReportExport.exe Information: 0 : 24-03-2022 22:22:59 - Successfully logged in
VeslinkReportExport.exe Information: 0 : 24-03-2022 22:23:06 - Vessel Report Generator has started successfully
VeslinkReportExport.exe Information: 0 : 27-03-2022 13:25:18 - Successfully logged in
VeslinkReportExport.exe Information: 0 : 27-03-2022 13:25:22 - Vessel Report Generator has started successfully
VeslinkReportExport.exe Information: 0 : 27-03-2022 13:25:50 - Generating report for the following parameters Vessel: GGPA - Voyage: 71
VeslinkReportExport.exe Information: 0 : 27-03-2022 13:26:02 - Report has been generated successfully - FileName: C:\Desarrollos\Veslink\Docs\TestingReport.xlsx
VeslinkReportExport.exe Information: 0 : 27-03-2022 13:26:40 - Generating report for the following parameters Vessel: GGPA - Voyage: 71
VeslinkReportExport.exe Information: 0 : 27-03-2022 13:33:57 - Report has been generated successfully - FileName: 
VeslinkReportExport.exe Information: 0 : 27-03-2022 13:34:01 - Generating report for the following parameters Vessel: GGPA - Voyage: 71
VeslinkReportExport.exe Error: 0 : 27-03-2022 13:35:05 - An error occurred while generating the excel file: El índice estaba fuera del intervalo. Debe ser un valor no negativo e inferior al tamaño de la colección.
Nombre del parámetro: index
VeslinkReportExport.exe Information: 0 : 27-03-2022 13:35:16 - Vessel Report Generator has started successfully
VeslinkReportExport.exe Information: 0 : 27-03-2022 13:35:37 - Generating report for the following parameters Vessel: GGPA - Voyage: 71
VeslinkReportExport.exe Error: 0 : 27-03-2022 13:36:48 - An error occurred while generating the excel file: El índice estaba fuera del intervalo. Debe ser un valor no negativo e inferior al tamaño de la colección.
Nombre del parámetro: index
VeslinkReportExport.exe Information: 0 : 27-03-2022 13:40:36 - Successfully logged in
VeslinkReportExport.exe Information: 0 : 27-03-2022 13:40:40 - Vessel Report Generator has started successfully
VeslinkReportExport.exe Information: 0 : 27-03-2022 13:40:59 - Generating report for the following parameters Vessel: GGPA - Voyage: 71
VeslinkReportExport.exe Error: 0 : 27-03-2022 13:41:05 - An error occurred while generating the excel file: El índice estaba fuera del intervalo. Debe ser un valor no negativo e inferior al tamaño de la colección.
Nombre del parámetro: index
VeslinkReportExport.exe Information: 0 : 27-03-2022 13:41:27 - Generating report for the following parameters Vessel: GGPA - Voyage: 71
VeslinkReportExport.exe Error: 0 : 27-03-2022 13:41:28 - An error occurred while generating the excel file: El índice estaba fuera del intervalo. Debe ser un valor no negativo e inferior al tamaño de la colección.
Nombre del parámetro: index
VeslinkReportExport.exe Information: 0 : 27-03-2022 13:41:39 - Generating report for the following parameters Vessel: GGPA - Voyage: 71
VeslinkReportExport.exe Information: 0 : 27-03-2022 13:42:05 - Successfully logged in
VeslinkReportExport.exe Information: 0 : 27-03-2022 13:42:08 - Vessel Report Generator has started successfully
VeslinkReportExport.exe Information: 0 : 27-03-2022 13:42:25 - Generating report for the following parameters Vessel: GGPA - Voyage: 71
VeslinkReportExport.exe Information: 0 : 27-03-2022 13:43:26 - Successfully logged in
VeslinkReportExport.exe Information: 0 : 27-03-2022 13:43:30 - Vessel Report Generator has started successfully
VeslinkReportExport.exe Information: 0 : 27-03-2022 13:43:50 - Generating report for the following parameters Vessel: GGPA - Voyage: 71
VeslinkReportExport.exe Information: 0 : 27-03-2022 13:43:55 - Generating report for the following parameters Vessel: GGPA - Voyage: 71
VeslinkReportExport.exe Information: 0 : 27-03-2022 13:48:26 - Generating report for the following parameters Vessel: GGPA - Voyage: 71
VeslinkReportExport.exe Information: 0 : 27-03-2022 13:48:35 - Report has been generated successfully - FileName: C:\Desarrollos\Veslink\Docs\TestingReport.xlsx
VeslinkReportExport.exe Information: 0 : 27-03-2022 13:49:59 - Generating report for the following parameters Vessel: GGPA - Voyage: 71
VeslinkReportExport.exe Information: 0 : 27-03-2022 13:57:27 - Report has been generated successfully - FileName: 
VeslinkReportExport.exe Information: 0 : 27-03-2022 13:57:29 - Generating report for the following parameters Vessel: GGPA - Voyage: 71
VeslinkReportExport.exe Information: 0 : 27-03-2022 13:57:37 - Generating report for the following parameters Vessel: GGPA - Voyage: 71
VeslinkReportExport.exe Information: 0 : 27-03-2022 14:09:01 - Successfully logged in
VeslinkReportExport.exe Information: 0 : 27-03-2022 14:09:04 - Vessel Report Generator has started successfully
VeslinkReportExport.exe Information: 0 : 27-03-2022 14:09:22 - Generating report for the following parameters Vessel: GGPA - Voyage: 71
VeslinkReportExport.exe Information: 0 : 27-03-2022 14:09:29 - Report has been generated successfully - FileName: C:\Desarrollos\Veslink\Docs\TestingReport.xlsx
VeslinkReportExport.exe Information: 0 : 27-03-2022 14:20:56 - Successfully logged in
VeslinkReportExport.exe Information: 0 : 27-03-2022 14:20:59 - Vessel Report Generator has started successfully
VeslinkReportExport.exe Information: 0 : 27-03-2022 14:21:15 - Generating report for the following parameters Vessel: GGPA - Voyage: 71
VeslinkReportExport.exe Information: 0 : 27-03-2022 14:24:11 - Successfully logged in
VeslinkReportExport.exe Information: 0 : 27-03-2022 14:24:14 - Vessel Report Generator has started successfully
VeslinkReportExport.exe Information: 0 : 27-03-2022 14:24:35 - Generating report for the following parameters Vessel: GGPA - Voyage: 71
VeslinkReportExport.exe Information: 0 : 27-03-2022 14:27:22 - Successfully logged in
VeslinkReportExport.exe Information: 0 : 27-03-2022 14:27:25 - Vessel Report Generator has started successfully
VeslinkReportExport.exe Information: 0 : 27-03-2022 14:27:41 - Generating report for the following parameters Vessel: GGPA - Voyage: 71
VeslinkReportExport.exe Information: 0 : 27-03-2022 14:27:49 - Report has been generated successfully - FileName: C:\Desarrollos\Veslink\Docs\TestingReport.xlsx
VeslinkReportExport.exe Information: 0 : 27-03-2022 14:36:13 - Successfully logged in
VeslinkReportExport.exe Information: 0 : 27-03-2022 14:36:15 - Vessel Report Generator has started successfully
VeslinkReportExport.exe Information: 0 : 27-03-2022 14:36:36 - Generating report for the following parameters Vessel: GGPA - Voyage: 71
VeslinkReportExport.exe Information: 0 : 27-03-2022 14:37:21 - Successfully logged in
VeslinkReportExport.exe Information: 0 : 27-03-2022 14:37:23 - Vessel Report Generator has started successfully
VeslinkReportExport.exe Information: 0 : 27-03-2022 14:37:38 - Generating report for the following parameters Vessel: GGPA - Voyage: 71
VeslinkReportExport.exe Information: 0 : 27-03-2022 14:40:39 - Successfully logged in
VeslinkReportExport.exe Information: 0 : 27-03-2022 14:40:41 - Vessel Report Generator has started successfully
VeslinkReportExport.exe Information: 0 : 27-03-2022 14:40:58 - Generating report for the following parameters Vessel: GGPA - Voyage: 71
VeslinkReportExport.exe Error: 0 : 27-03-2022 14:45:40 - An error occurred while generating the excel file: El proceso no puede obtener acceso al archivo 'C:\Desarrollos\Veslink\Docs\TestingReport.xlsx' porque está siendo utilizado en otro proceso.
VeslinkReportExport.exe Information: 0 : 27-03-2022 14:45:59 - Generating report for the following parameters Vessel: GGPA - Voyage: 71
VeslinkReportExport.exe Information: 0 : 27-03-2022 14:46:08 - Report has been generated successfully - FileName: C:\Desarrollos\Veslink\Docs\TestingReport.xlsx
VeslinkReportExport.exe Information: 0 : 27-03-2022 14:49:34 - Successfully logged in
VeslinkReportExport.exe Information: 0 : 27-03-2022 14:49:39 - Vessel Report Generator has started successfully
VeslinkReportExport.exe Information: 0 : 27-03-2022 14:50:23 - Successfully logged in
VeslinkReportExport.exe Information: 0 : 27-03-2022 14:50:26 - Vessel Report Generator has started successfully
VeslinkReportExport.exe Information: 0 : 27-03-2022 14:51:34 - Generating report for the following parameters Vessel: GGPA - Voyage: 71
VeslinkReportExport.exe Information: 0 : 27-03-2022 14:51:41 - Report has been generated successfully - FileName: C:\Desarrollos\Veslink\Docs\TestingReport.xlsx
VeslinkReportExport.exe Information: 0 : 27-03-2022 15:19:03 - Successfully logged in
VeslinkReportExport.exe Information: 0 : 27-03-2022 15:19:06 - Vessel Report Generator has started successfully
VeslinkReportExport.exe Information: 0 : 27-03-2022 15:19:26 - Successfully logged in
VeslinkReportExport.exe Information: 0 : 27-03-2022 15:19:28 - Vessel Report Generator has started successfully
VeslinkReportExport.exe Information: 0 : 27-03-2022 15:19:52 - Successfully logged in
VeslinkReportExport.exe Information: 0 : 27-03-2022 15:19:54 - Vessel Report Generator has started successfully
VeslinkReportExport.exe Information: 0 : 27-03-2022 16:34:33 - Generating report for the following parameters Vessel: GGPA - Voyage: 71
VeslinkReportExport.exe Error: 0 : 27-03-2022 16:34:35 - An error occurred while generating the excel file: El índice estaba fuera del intervalo. Debe ser un valor no negativo e inferior al tamaño de la colección.
Nombre del parámetro: index
VeslinkReportExport.exe Information: 0 : 27-03-2022 16:34:54 - Generating report for the following parameters Vessel: GGPA - Voyage: 71
VeslinkReportExport.exe Information: 0 : 27-03-2022 16:35:37 - Successfully logged in
VeslinkReportExport.exe Information: 0 : 27-03-2022 16:35:39 - Vessel Report Generator has started successfully
VeslinkReportExport.exe Information: 0 : 27-03-2022 16:35:58 - Generating report for the following parameters Vessel: GGPA - Voyage: 71
VeslinkReportExport.exe Information: 0 : 27-03-2022 16:41:15 - Successfully logged in
VeslinkReportExport.exe Information: 0 : 27-03-2022 16:41:18 - Vessel Report Generator has started successfully
VeslinkReportExport.exe Information: 0 : 27-03-2022 16:41:34 - Generating report for the following parameters Vessel: GGPA - Voyage: 71
VeslinkReportExport.exe Information: 0 : 27-03-2022 16:52:10 - Successfully logged in
VeslinkReportExport.exe Information: 0 : 27-03-2022 16:52:12 - Vessel Report Generator has started successfully
VeslinkReportExport.exe Information: 0 : 27-03-2022 16:52:34 - Generating report for the following parameters Vessel: GGPA - Voyage: 71
VeslinkReportExport.exe Information: 0 : 27-03-2022 16:54:41 - Successfully logged in
VeslinkReportExport.exe Information: 0 : 27-03-2022 16:54:47 - Vessel Report Generator has started successfully
VeslinkReportExport.exe Information: 0 : 27-03-2022 16:55:02 - Generating report for the following parameters Vessel: GGPA - Voyage: 71
VeslinkReportExport.exe Information: 0 : 27-03-2022 16:57:41 - Successfully logged in
VeslinkReportExport.exe Information: 0 : 27-03-2022 16:57:43 - Vessel Report Generator has started successfully
VeslinkReportExport.exe Information: 0 : 27-03-2022 16:58:06 - Generating report for the following parameters Vessel: GGPA - Voyage: 71
VeslinkReportExport.exe Error: 0 : 27-03-2022 16:58:12 - An error occurred while generating the excel file: El proceso no puede obtener acceso al archivo 'C:\Desarrollos\Veslink\Docs\TestingReport.xlsx' porque está siendo utilizado en otro proceso.
VeslinkReportExport.exe Information: 0 : 27-03-2022 16:58:28 - Generating report for the following parameters Vessel: GGPA - Voyage: 71
VeslinkReportExport.exe Information: 0 : 27-03-2022 16:58:34 - Report has been generated successfully - FileName: C:\Desarrollos\Veslink\Docs\TestingReport.xlsx
VeslinkReportExport.exe Information: 0 : 27-03-2022 17:00:57 - Successfully logged in
VeslinkReportExport.exe Information: 0 : 27-03-2022 17:00:59 - Vessel Report Generator has started successfully
VeslinkReportExport.exe Information: 0 : 27-03-2022 17:01:15 - Generating report for the following parameters Vessel: GGPA - Voyage: 71
VeslinkReportExport.exe Information: 0 : 27-03-2022 17:01:24 - Report has been generated successfully - FileName: C:\Desarrollos\Veslink\Docs\TestingReport.xlsx
VeslinkReportExport.exe Information: 0 : 27-03-2022 17:06:20 - Successfully logged in
VeslinkReportExport.exe Information: 0 : 27-03-2022 17:06:29 - Vessel Report Generator has started successfully
VeslinkReportExport.exe Information: 0 : 27-03-2022 17:06:47 - Generating report for the following parameters Vessel: GGPA - Voyage: 71
VeslinkReportExport.exe Information: 0 : 27-03-2022 17:08:49 - Successfully logged in
VeslinkReportExport.exe Information: 0 : 27-03-2022 17:08:53 - Vessel Report Generator has started successfully
VeslinkReportExport.exe Information: 0 : 27-03-2022 17:09:11 - Generating report for the following parameters Vessel: GGPA - Voyage: 71
VeslinkReportExport.exe Information: 0 : 27-03-2022 17:09:48 - Report has been generated successfully - FileName: C:\Desarrollos\Veslink\Docs\TestingReport.xlsx
VeslinkReportExport.exe Information: 0 : 27-03-2022 17:10:35 - Generating report for the following parameters Vessel: GGPA - Voyage: 71
VeslinkReportExport.exe Information: 0 : 27-03-2022 17:10:41 - Report has been generated successfully - FileName: C:\Desarrollos\Veslink\Docs\TestingReport.xlsx
VeslinkReportExport.exe Information: 0 : 27-03-2022 17:16:27 - Successfully logged in
VeslinkReportExport.exe Information: 0 : 27-03-2022 17:16:30 - Vessel Report Generator has started successfully
VeslinkReportExport.exe Information: 0 : 27-03-2022 17:17:03 - Generating report for the following parameters Vessel: GGPA - Voyage: 71
VeslinkReportExport.exe Information: 0 : 27-03-2022 17:25:58 - Successfully logged in
VeslinkReportExport.exe Information: 0 : 27-03-2022 17:26:00 - Vessel Report Generator has started successfully
VeslinkReportExport.exe Information: 0 : 27-03-2022 17:26:22 - Generating report for the following parameters Vessel: GGPA - Voyage: 71
VeslinkReportExport.exe Information: 0 : 27-03-2022 17:27:18 - Successfully logged in
VeslinkReportExport.exe Information: 0 : 27-03-2022 17:27:20 - Vessel Report Generator has started successfully
VeslinkReportExport.exe Information: 0 : 27-03-2022 17:27:46 - Generating report for the following parameters Vessel: GGPA - Voyage: 71
VeslinkReportExport.exe Information: 0 : 28-03-2022 23:45:27 - Successfully logged in
VeslinkReportExport.exe Information: 0 : 28-03-2022 23:45:29 - Vessel Report Generator has started successfully
VeslinkReportExport.exe Information: 0 : 28-03-2022 23:45:50 - Generating report for the following parameters Vessel: GGPA - Voyage: 71
VeslinkReportExport.exe Information: 0 : 28-03-2022 23:45:58 - Report has been generated successfully - FileName: C:\Desarrollos\Veslink\Docs\TestingReport.xlsx
VeslinkReportExport.exe Information: 0 : 28-03-2022 23:46:42 - Generating report for the following parameters Vessel: GGPA - Voyage: 71
VeslinkReportExport.exe Information: 0 : 28-03-2022 23:49:14 - Successfully logged in
VeslinkReportExport.exe Information: 0 : 28-03-2022 23:49:16 - Vessel Report Generator has started successfully
VeslinkReportExport.exe Information: 0 : 28-03-2022 23:49:34 - Generating report for the following parameters Vessel: GGPA - Voyage: 71
VeslinkReportExport.exe Information: 0 : 28-03-2022 23:50:37 - Report has been generated successfully - FileName: C:\Desarrollos\Veslink\Docs\TestingReport.xlsx
VeslinkReportExport.exe Information: 0 : 29-03-2022 0:03:02 - Successfully logged in
VeslinkReportExport.exe Information: 0 : 29-03-2022 0:03:06 - Vessel Report Generator has started successfully
VeslinkReportExport.exe Information: 0 : 29-03-2022 0:03:26 - Generating report for the following parameters Vessel: GGPA - Voyage: 71
VeslinkReportExport.exe Information: 0 : 29-03-2022 0:07:27 - Successfully logged in
VeslinkReportExport.exe Information: 0 : 29-03-2022 0:07:31 - Vessel Report Generator has started successfully
VeslinkReportExport.exe Information: 0 : 29-03-2022 0:07:47 - Generating report for the following parameters Vessel: GGPA - Voyage: 71
VeslinkReportExport.exe Information: 0 : 29-03-2022 0:10:14 - Successfully logged in
VeslinkReportExport.exe Information: 0 : 29-03-2022 0:10:24 - Successfully logged in
VeslinkReportExport.exe Information: 0 : 29-03-2022 0:10:27 - Vessel Report Generator has started successfully
VeslinkReportExport.exe Information: 0 : 29-03-2022 0:10:43 - Generating report for the following parameters Vessel: GGPA - Voyage: 71
VeslinkReportExport.exe Information: 0 : 29-03-2022 0:12:23 - Report has been generated successfully - FileName: C:\Desarrollos\Veslink\Docs\TestingReport.xlsx
VeslinkReportExport.exe Information: 0 : 29-03-2022 0:18:18 - Successfully logged in
VeslinkReportExport.exe Information: 0 : 29-03-2022 0:18:23 - Vessel Report Generator has started successfully
VeslinkReportExport.exe Information: 0 : 29-03-2022 0:18:44 - Generating report for the following parameters Vessel: GGPA - Voyage: 71
VeslinkReportExport.exe Information: 0 : 29-03-2022 0:21:20 - Report has been generated successfully - FileName: C:\Desarrollos\Veslink\Docs\TestingReport.xlsx
VeslinkReportExport.exe Information: 0 : 29-03-2022 0:31:35 - Successfully logged in
VeslinkReportExport.exe Information: 0 : 29-03-2022 0:31:38 - Vessel Report Generator has started successfully
VeslinkReportExport.exe Information: 0 : 29-03-2022 0:31:56 - Generating report for the following parameters Vessel: GGPA - Voyage: 71
VeslinkReportExport.exe Error: 0 : 29-03-2022 0:32:08 - An error occurred while generating the excel file: El proceso no puede obtener acceso al archivo 'C:\Desarrollos\Veslink\Docs\TestingReport.xlsx' porque está siendo utilizado en otro proceso.
VeslinkReportExport.exe Information: 0 : 29-03-2022 0:36:13 - Successfully logged in
VeslinkReportExport.exe Information: 0 : 29-03-2022 0:36:16 - Vessel Report Generator has started successfully
VeslinkReportExport.exe Information: 0 : 29-03-2022 0:36:34 - Generating report for the following parameters Vessel: GGPA - Voyage: 71
VeslinkReportExport.exe Information: 0 : 29-03-2022 0:36:50 - Report has been generated successfully - FileName: C:\Desarrollos\Veslink\Docs\TestingReport.xlsx
VeslinkReportExport.exe Information: 0 : 29-03-2022 0:37:12 - Generating report for the following parameters Vessel: GGPA - Voyage: 71
VeslinkReportExport.exe Information: 0 : 29-03-2022 0:38:14 - Report has been generated successfully - FileName: C:\Desarrollos\Veslink\Docs\TestingReport.xlsx
VeslinkReportExport.exe Information: 0 : 29-03-2022 10:23:49 - Successfully logged in
VeslinkReportExport.exe Information: 0 : 29-03-2022 10:23:51 - Vessel Report Generator has started successfully
VeslinkReportExport.exe Information: 0 : 29-03-2022 10:24:18 - Generating report for the following parameters Vessel: GGPA - Voyage: 71
VeslinkReportExport.exe Information: 0 : 29-03-2022 10:24:33 - Report has been generated successfully - FileName: C:\Desarrollos\Veslink\Docs\Test1.xlsx
VeslinkReportExport.exe Information: 0 : 29-03-2022 10:57:18 - Successfully logged in
VeslinkReportExport.exe Information: 0 : 29-03-2022 10:57:20 - Vessel Report Generator has started successfully
VeslinkReportExport.exe Information: 0 : 29-03-2022 11:03:24 - Generating report for the following parameters Vessel: GGPA - Voyage: 71
VeslinkReportExport.exe Information: 0 : 29-03-2022 11:04:01 - Report has been generated successfully - FileName: C:\Desarrollos\Veslink\Docs\Test1.xlsx
VeslinkReportExport.exe Information: 0 : 30-03-2022 9:49:14 - Successfully logged in
VeslinkReportExport.exe Information: 0 : 30-03-2022 9:49:17 - Vessel Report Generator has started successfully
VeslinkReportExport.exe Information: 0 : 30-03-2022 9:49:39 - Generating report for the following parameters Vessel: GGPA - Voyage: 71
VeslinkReportExport.exe Information: 0 : 30-03-2022 9:49:49 - Report has been generated successfully - FileName: C:\Desarrollos\Veslink\Docs\Test3.xlsx
VeslinkReportExport.exe Information: 0 : 30-03-2022 10:40:33 - Successfully logged in
VeslinkReportExport.exe Information: 0 : 30-03-2022 10:40:35 - Vessel Report Generator has started successfully
VeslinkReportExport.exe Information: 0 : 30-03-2022 10:40:57 - Generating report for the following parameters Vessel: GGPA - Voyage: 71
VeslinkReportExport.exe Information: 0 : 30-03-2022 10:43:03 - Successfully logged in
VeslinkReportExport.exe Information: 0 : 30-03-2022 10:43:05 - Vessel Report Generator has started successfully
VeslinkReportExport.exe Information: 0 : 30-03-2022 10:43:21 - Generating report for the following parameters Vessel: GGPA - Voyage: 71
VeslinkReportExport.exe Information: 0 : 30-03-2022 10:44:26 - Successfully logged in
VeslinkReportExport.exe Information: 0 : 30-03-2022 10:44:29 - Vessel Report Generator has started successfully
VeslinkReportExport.exe Information: 0 : 30-03-2022 10:44:45 - Generating report for the following parameters Vessel: GGPA - Voyage: 71
VeslinkReportExport.exe Information: 0 : 30-03-2022 10:45:07 - Report has been generated successfully - FileName: C:\Desarrollos\Veslink\Docs\Test3.xlsx
VeslinkReportExport.exe Information: 0 : 30-03-2022 11:45:15 - Successfully logged in
VeslinkReportExport.exe Information: 0 : 30-03-2022 11:45:17 - Vessel Report Generator has started successfully
VeslinkReportExport.exe Information: 0 : 30-03-2022 11:45:41 - Generating report for the following parameters Vessel: GGPA - Voyage: 71
VeslinkReportExport.exe Information: 0 : 30-03-2022 11:45:53 - Report has been generated successfully - FileName: C:\Desarrollos\Veslink\Docs\Test1.xlsx
VeslinkReportExport.exe Information: 0 : 30-03-2022 11:46:56 - Successfully logged in
VeslinkReportExport.exe Information: 0 : 30-03-2022 11:46:58 - Vessel Report Generator has started successfully
VeslinkReportExport.exe Information: 0 : 30-03-2022 11:47:16 - Generating report for the following parameters Vessel: GGPA - Voyage: 71
VeslinkReportExport.exe Information: 0 : 30-03-2022 11:47:24 - Report has been generated successfully - FileName: C:\Desarrollos\Veslink\Docs\Test1.xlsx
VeslinkReportExport.exe Information: 0 : 30-03-2022 11:59:06 - Successfully logged in
VeslinkReportExport.exe Information: 0 : 30-03-2022 11:59:08 - Vessel Report Generator has started successfully
VeslinkReportExport.exe Information: 0 : 30-03-2022 11:59:39 - Generating report for the following parameters Vessel: GGPA - Voyage: 71
VeslinkReportExport.exe Information: 0 : 30-03-2022 11:59:47 - Report has been generated successfully - FileName: C:\Desarrollos\Veslink\Docs\Test1.xlsx
VeslinkReportExport.exe Information: 0 : 30-03-2022 12:00:15 - Successfully logged in
VeslinkReportExport.exe Information: 0 : 30-03-2022 12:00:17 - Vessel Report Generator has started successfully
VeslinkReportExport.exe Information: 0 : 30-03-2022 12:00:36 - Generating report for the following parameters Vessel: GGPA - Voyage: 71
VeslinkReportExport.exe Information: 0 : 30-03-2022 12:00:43 - Report has been generated successfully - FileName: C:\Desarrollos\Veslink\Docs\Test1.xlsx
VeslinkReportExport.exe Information: 0 : 30-03-2022 12:03:05 - Successfully logged in
VeslinkReportExport.exe Information: 0 : 30-03-2022 12:03:08 - Vessel Report Generator has started successfully
VeslinkReportExport.exe Information: 0 : 30-03-2022 12:03:27 - Generating report for the following parameters Vessel: GGPA - Voyage: 71
VeslinkReportExport.exe Error: 0 : 30-03-2022 12:03:30 - An error occurred while generating the excel file: No se puede convertir un objeto de tipo 'NPOI.XSSF.UserModel.XSSFWorkbook' al tipo 'NPOI.HSSF.UserModel.HSSFWorkbook'.
VeslinkReportExport.exe Information: 0 : 30-03-2022 12:03:39 - Generating report for the following parameters Vessel: GGPA - Voyage: 71
VeslinkReportExport.exe Information: 0 : 30-03-2022 12:04:18 - Successfully logged in
VeslinkReportExport.exe Information: 0 : 30-03-2022 12:04:21 - Vessel Report Generator has started successfully
VeslinkReportExport.exe Information: 0 : 30-03-2022 12:04:41 - Generating report for the following parameters Vessel: GGPA - Voyage: 71
VeslinkReportExport.exe Error: 0 : 30-03-2022 12:04:44 - An error occurred while generating the excel file: Error evaluating cell 'SCC Data - Chemical Parceling'!L28
VeslinkReportExport.exe Information: 0 : 30-03-2022 12:04:58 - Generating report for the following parameters Vessel: GGPA - Voyage: 71
VeslinkReportExport.exe Information: 0 : 30-03-2022 12:09:19 - Successfully logged in
VeslinkReportExport.exe Information: 0 : 30-03-2022 12:09:21 - Vessel Report Generator has started successfully
VeslinkReportExport.exe Information: 0 : 30-03-2022 12:09:39 - Generating report for the following parameters Vessel: GGPA - Voyage: 71
VeslinkReportExport.exe Information: 0 : 30-03-2022 12:10:04 - Report has been generated successfully - FileName: C:\Desarrollos\Veslink\Docs\Test1.xlsx
VeslinkReportExport.exe Information: 0 : 30-03-2022 12:14:32 - Successfully logged in
VeslinkReportExport.exe Information: 0 : 30-03-2022 12:14:35 - Vessel Report Generator has started successfully
VeslinkReportExport.exe Information: 0 : 30-03-2022 12:15:13 - Generating report for the following parameters Vessel: GGPA - Voyage: 71
VeslinkReportExport.exe Information: 0 : 30-03-2022 12:15:26 - Report has been generated successfully - FileName: C:\Desarrollos\Veslink\Docs\Test1.xlsx
VeslinkReportExport.exe Information: 0 : 30-03-2022 12:16:36 - Successfully logged in
VeslinkReportExport.exe Information: 0 : 30-03-2022 12:16:38 - Vessel Report Generator has started successfully
VeslinkReportExport.exe Information: 0 : 30-03-2022 12:16:56 - Generating report for the following parameters Vessel: GGPA - Voyage: 71
VeslinkReportExport.exe Information: 0 : 30-03-2022 12:18:13 - Report has been generated successfully - FileName: C:\Desarrollos\Veslink\Docs\Test1.xlsx
VeslinkReportExport.exe Information: 0 : 30-03-2022 12:25:43 - Successfully logged in
VeslinkReportExport.exe Information: 0 : 30-03-2022 12:25:45 - Vessel Report Generator has started successfully
VeslinkReportExport.exe Information: 0 : 30-03-2022 12:26:10 - Generating report for the following parameters Vessel: GGPA - Voyage: 71
VeslinkReportExport.exe Information: 0 : 30-03-2022 12:26:23 - Report has been generated successfully - FileName: C:\Desarrollos\Veslink\Docs\Test1.xlsx
VeslinkReportExport.exe Information: 0 : 30-03-2022 12:29:48 - Generating report for the following parameters Vessel: GGPA - Voyage: 71
VeslinkReportExport.exe Information: 0 : 30-03-2022 12:31:29 - Report has been generated successfully - FileName: 
VeslinkReportExport.exe Information: 0 : 30-03-2022 13:47:03 - Successfully logged in
VeslinkReportExport.exe Information: 0 : 30-03-2022 13:47:05 - Vessel Report Generator has started successfully
VeslinkReportExport.exe Information: 0 : 30-03-2022 13:47:26 - Generating report for the following parameters Vessel: GGPA - Voyage: 71
VeslinkReportExport.exe Information: 0 : 30-03-2022 13:47:55 - Report has been generated successfully - FileName: 
VeslinkReportExport.exe Information: 0 : 30-03-2022 13:47:56 - Generating report for the following parameters Vessel: GGPA - Voyage: 71
VeslinkReportExport.exe Information: 0 : 30-03-2022 13:49:18 - Report has been generated successfully - FileName: 
VeslinkReportExport.exe Information: 0 : 30-03-2022 13:50:20 - Successfully logged in
VeslinkReportExport.exe Information: 0 : 30-03-2022 13:50:22 - Vessel Report Generator has started successfully
VeslinkReportExport.exe Information: 0 : 30-03-2022 13:50:49 - Generating report for the following parameters Vessel: GGPA - Voyage: 71
VeslinkReportExport.exe Information: 0 : 30-03-2022 13:50:58 - Report has been generated successfully - FileName: 
VeslinkReportExport.exe Information: 0 : 30-03-2022 13:51:06 - Generating report for the following parameters Vessel: GGPA - Voyage: 71
VeslinkReportExport.exe Information: 0 : 30-03-2022 13:51:29 - Report has been generated successfully - FileName: 
VeslinkReportExport.exe Information: 0 : 30-03-2022 13:51:38 - Generating report for the following parameters Vessel: GGPA - Voyage: 71
VeslinkReportExport.exe Information: 0 : 30-03-2022 13:52:53 - Successfully logged in
VeslinkReportExport.exe Information: 0 : 30-03-2022 13:55:05 - Successfully logged in
VeslinkReportExport.exe Information: 0 : 30-03-2022 13:55:08 - Vessel Report Generator has started successfully
VeslinkReportExport.exe Information: 0 : 30-03-2022 13:55:26 - Generating report for the following parameters Vessel: GGPA - Voyage: 71
VeslinkReportExport.exe Information: 0 : 30-03-2022 13:55:36 - Report has been generated successfully - FileName: C:\Desarrollos\Veslink\Docs\Test1.xlsx
VeslinkReportExport.exe Information: 0 : 30-03-2022 13:56:27 - Generating report for the following parameters Vessel: GGPA - Voyage: 71
VeslinkReportExport.exe Information: 0 : 30-03-2022 13:56:34 - Report has been generated successfully - FileName: C:\Desarrollos\Veslink\Docs\Test1.xlsx
VeslinkReportExport.exe Information: 0 : 31-03-2022 11:55:36 - Successfully logged in
VeslinkReportExport.exe Information: 0 : 31-03-2022 11:55:38 - Vessel Report Generator has started successfully
VeslinkReportExport.exe Information: 0 : 31-03-2022 12:03:52 - Successfully logged in
VeslinkReportExport.exe Information: 0 : 31-03-2022 12:03:54 - Vessel Report Generator has started successfully
VeslinkReportExport.exe Information: 0 : 31-03-2022 12:05:08 - Generating report for the following parameters Vessel: BARB - Voyage: 55
VeslinkReportExport.exe Information: 0 : 31-03-2022 12:25:22 - Successfully logged in
VeslinkReportExport.exe Information: 0 : 31-03-2022 12:25:25 - Vessel Report Generator has started successfully
VeslinkReportExport.exe Information: 0 : 31-03-2022 12:34:35 - Successfully logged in
VeslinkReportExport.exe Information: 0 : 31-03-2022 12:34:37 - Vessel Report Generator has started successfully
VeslinkReportExport.exe Information: 0 : 31-03-2022 12:35:45 - Generating report for the following parameters Vessel: AMAK - Voyage: 2
VeslinkReportExport.exe Information: 0 : 31-03-2022 12:42:41 - Successfully logged in
VeslinkReportExport.exe Information: 0 : 31-03-2022 12:42:43 - Vessel Report Generator has started successfully
VeslinkReportExport.exe Information: 0 : 31-03-2022 12:43:11 - Generating report for the following parameters Vessel: BARB - Voyage: 55
VeslinkReportExport.exe Information: 0 : 31-03-2022 12:45:08 - Successfully logged in
VeslinkReportExport.exe Information: 0 : 31-03-2022 12:45:11 - Vessel Report Generator has started successfully
VeslinkReportExport.exe Information: 0 : 31-03-2022 12:45:32 - Generating report for the following parameters Vessel: BARB - Voyage: 55
VeslinkReportExport.exe Information: 0 : 31-03-2022 15:33:12 - Successfully logged in
VeslinkReportExport.exe Information: 0 : 31-03-2022 15:33:14 - Vessel Report Generator has started successfully
VeslinkReportExport.exe Information: 0 : 31-03-2022 15:33:33 - Generating report for the following parameters Vessel: BARB - Voyage: 55
VeslinkReportExport.exe Error: 0 : 31-03-2022 15:33:37 - An error occurred while generating the excel file: El índice estaba fuera del intervalo. Debe ser un valor no negativo e inferior al tamaño de la colección.
Nombre del parámetro: index
VeslinkReportExport.exe Information: 0 : 31-03-2022 15:35:23 - Successfully logged in
VeslinkReportExport.exe Information: 0 : 31-03-2022 15:35:25 - Vessel Report Generator has started successfully
VeslinkReportExport.exe Information: 0 : 31-03-2022 15:35:42 - Generating report for the following parameters Vessel: BARB - Voyage: 55
VeslinkReportExport.exe Error: 0 : 31-03-2022 15:35:45 - An error occurred while generating the excel file: El índice estaba fuera del intervalo. Debe ser un valor no negativo e inferior al tamaño de la colección.
Nombre del parámetro: index
VeslinkReportExport.exe Information: 0 : 31-03-2022 15:35:58 - Generating report for the following parameters Vessel: BARB - Voyage: 55
VeslinkReportExport.exe Error: 0 : 31-03-2022 15:45:18 - An error occurred while generating the excel file: El índice estaba fuera del intervalo. Debe ser un valor no negativo e inferior al tamaño de la colección.
Nombre del parámetro: index
VeslinkReportExport.exe Information: 0 : 31-03-2022 15:45:22 - Generating report for the following parameters Vessel: BARB - Voyage: 55
VeslinkReportExport.exe Information: 0 : 31-03-2022 15:51:52 - Successfully logged in
VeslinkReportExport.exe Information: 0 : 31-03-2022 15:51:54 - Vessel Report Generator has started successfully
VeslinkReportExport.exe Information: 0 : 31-03-2022 16:43:12 - Generating report for the following parameters Vessel: BARB - Voyage: 55
VeslinkReportExport.exe Information: 0 : 31-03-2022 19:45:32 - Successfully logged in
VeslinkReportExport.exe Information: 0 : 31-03-2022 19:45:34 - Vessel Report Generator has started successfully
VeslinkReportExport.exe Information: 0 : 31-03-2022 19:45:53 - Generating report for the following parameters Vessel: BARB - Voyage: 55
VeslinkReportExport.exe Information: 0 : 31-03-2022 19:54:11 - Successfully logged in
VeslinkReportExport.exe Information: 0 : 31-03-2022 19:54:13 - Vessel Report Generator has started successfully
VeslinkReportExport.exe Information: 0 : 31-03-2022 19:54:32 - Generating report for the following parameters Vessel: BARB - Voyage: 55
VeslinkReportExport.exe Information: 0 : 31-03-2022 19:54:41 - Report has been generated successfully - FileName: C:\Desarrollos\Veslink\Docs\Test1.xlsx
VeslinkReportExport.exe Information: 0 : 31-03-2022 20:14:08 - Successfully logged in
VeslinkReportExport.exe Information: 0 : 31-03-2022 20:14:10 - Vessel Report Generator has started successfully
VeslinkReportExport.exe Information: 0 : 31-03-2022 20:51:48 - Successfully logged in
VeslinkReportExport.exe Information: 0 : 31-03-2022 20:51:50 - Vessel Report Generator has started successfully
VeslinkReportExport.exe Information: 0 : 31-03-2022 20:52:13 - Generating report for the following parameters Vessel: BARB - Voyage: 55
VeslinkReportExport.exe Information: 0 : 31-03-2022 20:52:30 - Report has been generated successfully - FileName: 
VeslinkReportExport.exe Information: 0 : 31-03-2022 20:52:38 - Generating report for the following parameters Vessel: BARB - Voyage: 55
VeslinkReportExport.exe Information: 0 : 31-03-2022 20:52:46 - Report has been generated successfully - FileName: C:\Desarrollos\Veslink\Docs\Test1.xlsx
VeslinkReportExport.exe Information: 0 : 31-03-2022 21:07:04 - Successfully logged in
VeslinkReportExport.exe Information: 0 : 31-03-2022 21:07:06 - Vessel Report Generator has started successfully
VeslinkReportExport.exe Information: 0 : 31-03-2022 21:07:30 - Generating report for the following parameters Vessel: BARB - Voyage: 55
VeslinkReportExport.exe Information: 0 : 31-03-2022 21:07:45 - Report has been generated successfully - FileName: C:\Desarrollos\Veslink\Docs\Test1.xlsx
VeslinkReportExport.exe Information: 0 : 31-03-2022 21:10:41 - Generating report for the following parameters Vessel: BARB - Voyage: 55
VeslinkReportExport.exe Information: 0 : 31-03-2022 21:13:33 - Successfully logged in
VeslinkReportExport.exe Information: 0 : 31-03-2022 21:13:35 - Vessel Report Generator has started successfully
VeslinkReportExport.exe Information: 0 : 31-03-2022 21:13:51 - Generating report for the following parameters Vessel: BARB - Voyage: 55
VeslinkReportExport.exe Information: 0 : 31-03-2022 21:14:10 - Report has been generated successfully - FileName: C:\Desarrollos\Veslink\Docs\Test1.xlsx
VeslinkReportExport.exe Information: 0 : 31-03-2022 21:15:52 - Successfully logged in
VeslinkReportExport.exe Information: 0 : 31-03-2022 21:16:01 - Successfully logged in
VeslinkReportExport.exe Information: 0 : 31-03-2022 21:16:03 - Vessel Report Generator has started successfully
VeslinkReportExport.exe Information: 0 : 31-03-2022 21:16:28 - Generating report for the following parameters Vessel: GGPA - Voyage: 71
VeslinkReportExport.exe Information: 0 : 31-03-2022 21:16:37 - Report has been generated successfully - FileName: C:\Desarrollos\Veslink\Docs\Test2.xlsx
VeslinkReportExport.exe Information: 0 : 01-04-2022 12:18:28 - Successfully logged in
VeslinkReportExport.exe Information: 0 : 01-04-2022 12:18:31 - Vessel Report Generator has started successfully
VeslinkReportExport.exe Information: 0 : 01-04-2022 12:18:57 - Generating report for the following parameters Vessel: STPA - Voyage: 1
VeslinkReportExport.exe Information: 0 : 01-04-2022 12:27:59 - Successfully logged in
VeslinkReportExport.exe Information: 0 : 01-04-2022 12:28:01 - Vessel Report Generator has started successfully
VeslinkReportExport.exe Information: 0 : 01-04-2022 12:28:16 - Generating report for the following parameters Vessel: STPA - Voyage: 1
VeslinkReportExport.exe Information: 0 : 01-04-2022 12:31:09 - Successfully logged in
VeslinkReportExport.exe Information: 0 : 01-04-2022 12:31:12 - Vessel Report Generator has started successfully
VeslinkReportExport.exe Information: 0 : 01-04-2022 12:31:26 - Generating report for the following parameters Vessel: STPA - Voyage: 1
VeslinkReportExport.exe Error: 0 : 01-04-2022 12:31:29 - An error occurred while generating the excel file 
Parameters:
DateFrom: 01-03-2022 12:31:13 - DateTo: 01-04-2022 12:31:13 - Company: UTNK - Vessel: STPA - Voyage: 1 - Charterer: CARGILL INTERNATIONAL S.A. - Cargo: 
Error:    en System.ThrowHelper.ThrowArgumentOutOfRangeException(ExceptionArgument argument, ExceptionResource resource)
   en System.Collections.Generic.List`1.get_Item(Int32 index)
   en Veslink.Business.ReportBusiness.GetFuelConsumed(Int32 currentNode, String fuelType) en C:\Desarrollos\Veslink\Repos\ReportExport\Veslink.Business\ReportBusiness.cs:línea 403
   en Veslink.Business.ReportBusiness.GetFuelConsumed(Int32 startPort, Int32 endPort) en C:\Desarrollos\Veslink\Repos\ReportExport\Veslink.Business\ReportBusiness.cs:línea 381
   en Veslink.Business.ReportBusiness.CreateExcel() en C:\Desarrollos\Veslink\Repos\ReportExport\Veslink.Business\ReportBusiness.cs:línea 235
   en Veslink.Business.ReportBusiness.GenerateExcel(String vesselCode, String voyageNo, String chartererId, String cargoId) en C:\Desarrollos\Veslink\Repos\ReportExport\Veslink.Business\ReportBusiness.cs:línea 119
   en VeslinkReportExport.VesselReportForm.btnExcel_Click(Object sender, EventArgs e) en C:\Desarrollos\Veslink\Repos\ReportExport\VeslinkReportExport\VesselReportForm.cs:línea 60
VeslinkReportExport.exe Information: 0 : 01-04-2022 12:31:57 - Generating report for the following parameters Vessel: STPA - Voyage: 1
VeslinkReportExport.exe Information: 0 : 01-04-2022 12:35:38 - Successfully logged in
VeslinkReportExport.exe Information: 0 : 01-04-2022 12:35:41 - Vessel Report Generator has started successfully
VeslinkReportExport.exe Information: 0 : 01-04-2022 12:35:55 - Generating report for the following parameters Vessel: STPA - Voyage: 1
VeslinkReportExport.exe Information: 0 : 01-04-2022 13:04:53 - Successfully logged in
VeslinkReportExport.exe Information: 0 : 01-04-2022 13:04:55 - Vessel Report Generator has started successfully
VeslinkReportExport.exe Information: 0 : 01-04-2022 13:05:10 - Generating report for the following parameters Vessel: STPA - Voyage: 1
VeslinkReportExport.exe Information: 0 : 01-04-2022 13:05:38 - Report has been generated successfully - FileName: C:\Desarrollos\Veslink\Docs\TestStanley.xlsx
VeslinkReportExport.exe Information: 0 : 01-04-2022 13:15:03 - Successfully logged in
VeslinkReportExport.exe Information: 0 : 01-04-2022 13:15:39 - Successfully logged in
VeslinkReportExport.exe Information: 0 : 01-04-2022 13:16:03 - Vessel Report Generator has started successfully
VeslinkReportExport.exe Information: 0 : 01-04-2022 13:16:40 - Successfully logged in
VeslinkReportExport.exe Information: 0 : 01-04-2022 13:16:43 - Vessel Report Generator has started successfully
VeslinkReportExport.exe Information: 0 : 01-04-2022 13:17:11 - Successfully logged in
VeslinkReportExport.exe Information: 0 : 01-04-2022 13:17:19 - Vessel Report Generator has started successfully
VeslinkReportExport.exe Information: 0 : 01-04-2022 13:18:28 - Successfully logged in
VeslinkReportExport.exe Information: 0 : 01-04-2022 13:18:31 - Vessel Report Generator has started successfully
VeslinkReportExport.exe Information: 0 : 01-04-2022 13:20:19 - Successfully logged in
VeslinkReportExport.exe Information: 0 : 01-04-2022 13:21:53 - Successfully logged in
VeslinkReportExport.exe Information: 0 : 01-04-2022 13:21:57 - Vessel Report Generator has started successfully
VeslinkReportExport.exe Information: 0 : 01-04-2022 14:32:37 - Successfully logged in
VeslinkReportExport.exe Information: 0 : 01-04-2022 14:32:40 - Vessel Report Generator has started successfully
VeslinkReportExport.exe Information: 0 : 01-04-2022 14:33:08 - Generating report for the following parameters Vessel: STPA - Voyage: 1
VeslinkReportExport.exe Information: 0 : 01-04-2022 14:33:19 - Report has been generated successfully - FileName: C:\Desarrollos\Veslink\Docs\TestStanley.xlsx
VeslinkReportExport.exe Information: 0 : 05-04-2022 11:37:03 - Successfully logged in
VeslinkReportExport.exe Information: 0 : 05-04-2022 11:37:05 - Vessel Report Generator has started successfully
VeslinkReportExport.exe Information: 0 : 05-04-2022 11:40:19 - Successfully logged in
VeslinkReportExport.exe Information: 0 : 05-04-2022 11:40:21 - Vessel Report Generator has started successfully
VeslinkReportExport.exe Information: 0 : 05-04-2022 11:44:29 - Successfully logged in
VeslinkReportExport.exe Information: 0 : 05-04-2022 11:44:30 - Vessel Report Generator has started successfully
VeslinkReportExport.exe Information: 0 : 05-04-2022 11:46:27 - Successfully logged in
VeslinkReportExport.exe Information: 0 : 05-04-2022 11:46:29 - Vessel Report Generator has started successfully
VeslinkReportExport.exe Information: 0 : 05-04-2022 11:53:44 - Successfully logged in
VeslinkReportExport.exe Information: 0 : 05-04-2022 11:53:47 - Vessel Report Generator has started successfully
VeslinkReportExport.exe Information: 0 : 05-04-2022 11:54:23 - Generating report for the following parameters Vessel: GGPA - Voyage: 71
VeslinkReportExport.exe Information: 0 : 05-04-2022 11:54:38 - Report has been generated successfully - FileName: C:\Desarrollos\Veslink\Docs\GGPA_Test.xlsx
VeslinkReportExport.exe Information: 0 : 05-04-2022 11:55:37 - Successfully logged in
VeslinkReportExport.exe Information: 0 : 05-04-2022 11:55:39 - Vessel Report Generator has started successfully
VeslinkReportExport.exe Information: 0 : 05-04-2022 11:55:58 - Generating report for the following parameters Vessel: GGPA - Voyage: 71
VeslinkReportExport.exe Information: 0 : 05-04-2022 11:56:07 - Report has been generated successfully - FileName: C:\Desarrollos\Veslink\Docs\GGPA_Test.xlsx
VeslinkReportExport.exe Information: 0 : 05-04-2022 11:57:13 - Generating report for the following parameters Vessel: BARB - Voyage: 55
VeslinkReportExport.exe Information: 0 : 05-04-2022 11:57:32 - Report has been generated successfully - FileName: C:\Desarrollos\Veslink\Docs\BARBOUNI_TEst.xlsx
VeslinkReportExport.exe Information: 0 : 05-04-2022 12:09:51 - Successfully logged in
VeslinkReportExport.exe Information: 0 : 05-04-2022 12:09:54 - Vessel Report Generator has started successfully
VeslinkReportExport.exe Information: 0 : 06-04-2022 9:11:11 - Successfully logged in
VeslinkReportExport.exe Information: 0 : 06-04-2022 9:11:13 - Vessel Report Generator has started successfully
VeslinkReportExport.exe Information: 0 : 06-04-2022 9:13:37 - Successfully logged in
VeslinkReportExport.exe Information: 0 : 06-04-2022 9:13:39 - Vessel Report Generator has started successfully
VeslinkReportExport.exe Information: 0 : 06-04-2022 9:15:18 - Successfully logged in
VeslinkReportExport.exe Information: 0 : 06-04-2022 9:15:20 - Vessel Report Generator has started successfully
VeslinkReportExport.exe Information: 0 : 06-04-2022 9:20:48 - Successfully logged in
VeslinkReportExport.exe Information: 0 : 06-04-2022 9:20:50 - Vessel Report Generator has started successfully
VeslinkReportExport.exe Information: 0 : 06-04-2022 9:21:07 - Generating report for the following parameters Vessel: GGPA - Voyage: 75
VeslinkReportExport.exe Information: 0 : 06-04-2022 9:21:26 - Report has been generated successfully - FileName: GGPA_75_ERGON REFINING.xslx
VeslinkReportExport.exe Information: 0 : 06-04-2022 9:21:38 - Generating report for the following parameters Vessel: GGPA - Voyage: 75
VeslinkReportExport.exe Information: 0 : 06-04-2022 9:22:06 - Report has been generated successfully - FileName: C:\Desarrollos\Veslink\Docs\GGPA_75_ERGON REFINING.xlsx
VeslinkReportExport.exe Information: 0 : 06-04-2022 9:23:47 - Successfully logged in
VeslinkReportExport.exe Information: 0 : 06-04-2022 9:23:49 - Vessel Report Generator has started successfully
VeslinkReportExport.exe Information: 0 : 06-04-2022 9:37:25 - Successfully logged in
VeslinkReportExport.exe Information: 0 : 06-04-2022 9:37:27 - Vessel Report Generator has started successfully
VeslinkReportExport.exe Information: 0 : 06-04-2022 9:37:49 - Generating report for the following parameters Vessel: GGPA - Voyage: 71
VeslinkReportExport.exe Information: 0 : 06-04-2022 9:37:59 - Report has been generated successfully - FileName: C:\Desarrollos\Veslink\Docs\GGPA_71_CARGILL AMERICAS  INC.xlsx
VeslinkReportExport.exe Information: 0 : 06-04-2022 9:40:41 - Successfully logged in
VeslinkReportExport.exe Information: 0 : 06-04-2022 9:40:43 - Vessel Report Generator has started successfully
VeslinkReportExport.exe Information: 0 : 06-04-2022 9:40:57 - Generating report for the following parameters Vessel: GGPA - Voyage: 71
VeslinkReportExport.exe Information: 0 : 06-04-2022 9:41:09 - Report has been generated successfully - FileName: C:\Desarrollos\Veslink\Docs\GGPA_71_CARGILL AMERICAS  INC.xlsx
VeslinkReportExport.exe Information: 0 : 06-04-2022 9:43:48 - Successfully logged in
VeslinkReportExport.exe Information: 0 : 06-04-2022 9:43:50 - Vessel Report Generator has started successfully
VeslinkReportExport.exe Information: 0 : 06-04-2022 9:44:06 - Generating report for the following parameters Vessel: GGPA - Voyage: 71
VeslinkReportExport.exe Information: 0 : 06-04-2022 9:44:14 - Report has been generated successfully - FileName: C:\Desarrollos\Veslink\Docs\GGPA_71_CARGILL AMERICAS  INC.xlsx
VeslinkReportExport.exe Information: 0 : 06-04-2022 9:49:15 - Successfully logged in
VeslinkReportExport.exe Information: 0 : 06-04-2022 9:49:18 - Vessel Report Generator has started successfully
VeslinkReportExport.exe Information: 0 : 06-04-2022 9:49:32 - Generating report for the following parameters Vessel: GGPA - Voyage: 71
VeslinkReportExport.exe Information: 0 : 06-04-2022 9:57:03 - Successfully logged in
VeslinkReportExport.exe Information: 0 : 06-04-2022 9:57:05 - Vessel Report Generator has started successfully
VeslinkReportExport.exe Information: 0 : 06-04-2022 9:57:22 - Generating report for the following parameters Vessel: GGPA - Voyage: 71
VeslinkReportExport.exe Information: 0 : 06-04-2022 9:57:29 - Report has been generated successfully - FileName: C:\Desarrollos\Veslink\Docs\GGPA_71_CARGILL AMERICAS  INC.xlsx
VeslinkReportExport.exe Information: 0 : 06-04-2022 9:58:32 - Generating report for the following parameters Vessel: GGPA - Voyage: 71
VeslinkReportExport.exe Information: 0 : 06-04-2022 10:23:58 - Successfully logged in
VeslinkReportExport.exe Information: 0 : 06-04-2022 10:24:01 - Vessel Report Generator has started successfully
VeslinkReportExport.exe Information: 0 : 06-04-2022 10:24:17 - Generating report for the following parameters Vessel: GGPA - Voyage: 71
VeslinkReportExport.exe Information: 0 : 06-04-2022 10:26:46 - Successfully logged in
VeslinkReportExport.exe Information: 0 : 06-04-2022 10:26:49 - Vessel Report Generator has started successfully
VeslinkReportExport.exe Information: 0 : 06-04-2022 10:27:11 - Generating report for the following parameters Vessel: GGPA - Voyage: 71
VeslinkReportExport.exe Information: 0 : 06-04-2022 10:27:20 - Report has been generated successfully - FileName: C:\Desarrollos\Veslink\Docs\GGPA_71_CARGILL AMERICAS  INC.xlsx
VeslinkReportExport.exe Information: 0 : 06-04-2022 10:28:49 - Generating report for the following parameters Vessel: GGPA - Voyage: 71
VeslinkReportExport.exe Information: 0 : 06-04-2022 19:30:46 - Successfully logged in
VeslinkReportExport.exe Information: 0 : 06-04-2022 19:30:52 - Vessel Report Generator has started successfully
VeslinkReportExport.exe Information: 0 : 06-04-2022 19:31:14 - Generating report for the following parameters Vessel: GGPA - Voyage: 71
VeslinkReportExport.exe Information: 0 : 06-04-2022 19:31:23 - Report has been generated successfully - FileName: C:\Desarrollos\Veslink\Docs\GGPA_71_CARGILL AMERICAS  INC.xlsx
VeslinkReportExport.exe Information: 0 : 06-04-2022 20:26:07 - Successfully logged in
VeslinkReportExport.exe Information: 0 : 06-04-2022 20:26:10 - Vessel Report Generator has started successfully
VeslinkReportExport.exe Information: 0 : 06-04-2022 20:27:42 - Generating report for the following parameters Vessel: GGPA - Voyage: 71
VeslinkReportExport.exe Information: 0 : 06-04-2022 20:27:49 - Report has been generated successfully - FileName: GGPA_71_Nouryon Functional Chemicals S.A
VeslinkReportExport.exe Information: 0 : 06-04-2022 20:27:52 - Generating report for the following parameters Vessel: GGPA - Voyage: 71
VeslinkReportExport.exe Information: 0 : 06-04-2022 20:28:08 - Report has been generated successfully - FileName: C:\Desarrollos\Veslink\Docs\GGPA_71_CARGILL AMERICAS  INC.xlsx
VeslinkReportExport.exe Information: 0 : 06-04-2022 23:02:10 - Successfully logged in
VeslinkReportExport.exe Information: 0 : 06-04-2022 23:02:13 - Vessel Report Generator has started successfully
VeslinkReportExport.exe Information: 0 : 06-04-2022 23:02:30 - Generating report for the following parameters Vessel: GGPA - Voyage: 71
VeslinkReportExport.exe Information: 0 : 06-04-2022 23:02:47 - Report has been generated successfully - FileName: C:\Desarrollos\Veslink\Docs\GGPA_71_CARGILL AMERICAS  INC.xlsx
VeslinkReportExport.exe Information: 0 : 11-04-2022 11:36:04 - Successfully logged in
VeslinkReportExport.exe Information: 0 : 11-04-2022 11:36:06 - Vessel Report Generator has started successfully
VeslinkReportExport.exe Information: 0 : 11-04-2022 11:37:09 - Generating report for the following parameters Vessel: MIAM - Voyage: 15
VeslinkReportExport.exe Error: 0 : 11-04-2022 11:37:20 - An error occurred while generating the excel file 
Parameters:
DateFrom: 11-10-2021 11:36:06 - DateTo: 11-04-2022 11:36:06 - Company: CHEM - Vessel: MIAM - Voyage: 15 - Charterer: ED&F MAN LIQUID PRODUCTS - Cargo: 
Error:    en System.Linq.Enumerable.Where[TSource](IEnumerable`1 source, Func`2 predicate)
   en Veslink.Data.ReportData.GetItinerariesReportAsync(String vesselCode, String voyageNo, String chartererId, String cargoId) en C:\Desarrollos\Veslink\Repos\ReportExport\Veslink.Data\ReportData.cs:línea 53
   en Veslink.Business.ReportBusiness.GenerateExcel(String vesselCode, String voyageNo, String chartererId, String cargoId) en C:\Desarrollos\Veslink\Repos\ReportExport\Veslink.Business\ReportBusiness.cs:línea 111
   en VeslinkReportExport.VesselReportForm.btnExcel_Click(Object sender, EventArgs e) en C:\Desarrollos\Veslink\Repos\ReportExport\VeslinkReportExport\VesselReportForm.cs:línea 61
VeslinkReportExport.exe Information: 0 : 11-04-2022 11:37:30 - Generating report for the following parameters Vessel: MIAM - Voyage: 15
VeslinkReportExport.exe Error: 0 : 11-04-2022 11:39:04 - An error occurred while generating the excel file 
Parameters:
DateFrom: 11-10-2021 11:36:06 - DateTo: 11-04-2022 11:36:06 - Company: CHEM - Vessel: MIAM - Voyage: 15 - Charterer: ED&F MAN LIQUID PRODUCTS - Cargo: 
Error:    en System.Linq.Enumerable.Where[TSource](IEnumerable`1 source, Func`2 predicate)
   en Veslink.Data.ReportData.GetItinerariesReportAsync(String vesselCode, String voyageNo, String chartererId, String cargoId) en C:\Desarrollos\Veslink\Repos\ReportExport\Veslink.Data\ReportData.cs:línea 53
   en Veslink.Business.ReportBusiness.GenerateExcel(String vesselCode, String voyageNo, String chartererId, String cargoId) en C:\Desarrollos\Veslink\Repos\ReportExport\Veslink.Business\ReportBusiness.cs:línea 111
   en VeslinkReportExport.VesselReportForm.btnExcel_Click(Object sender, EventArgs e) en C:\Desarrollos\Veslink\Repos\ReportExport\VeslinkReportExport\VesselReportForm.cs:línea 61
VeslinkReportExport.exe Information: 0 : 11-04-2022 11:39:16 - Generating report for the following parameters Vessel: MIAM - Voyage: 15
VeslinkReportExport.exe Information: 0 : 11-04-2022 11:41:55 - Successfully logged in
VeslinkReportExport.exe Information: 0 : 11-04-2022 11:41:57 - Vessel Report Generator has started successfully
VeslinkReportExport.exe Information: 0 : 11-04-2022 11:42:21 - Generating report for the following parameters Vessel: MIAM - Voyage: 15
VeslinkReportExport.exe Information: 0 : 11-04-2022 11:48:15 - Successfully logged in
VeslinkReportExport.exe Information: 0 : 11-04-2022 11:48:17 - Vessel Report Generator has started successfully
VeslinkReportExport.exe Information: 0 : 11-04-2022 11:48:32 - Generating report for the following parameters Vessel: MIAM - Voyage: 15
VeslinkReportExport.exe Error: 0 : 11-04-2022 11:48:36 - An error occurred while generating the excel file 
Parameters:
DateFrom: 11-10-2021 11:48:17 - DateTo: 11-04-2022 11:48:18 - Company: CHEM - Vessel: MIAM - Voyage: 15 - Charterer: ED&F MAN LIQUID PRODUCTS - Cargo: 
Error:    en System.Linq.GroupedEnumerable`3..ctor(IEnumerable`1 source, Func`2 keySelector, Func`2 elementSelector, IEqualityComparer`1 comparer)
   en System.Linq.Enumerable.GroupBy[TSource,TKey](IEnumerable`1 source, Func`2 keySelector)
   en Veslink.Data.ReportData.GetVoyageSummaryReportAsync(String vesselCode, String voyageNo, String chartererId, String cargoId) en C:\SVNUNAV\ReporteNavesChem\Fuentes\VeslinkReportExport-main\Veslink.Data\ReportData.cs:línea 115
   en Veslink.Business.ReportBusiness.GenerateExcel(String vesselCode, String voyageNo, String chartererId, String cargoId) en C:\SVNUNAV\ReporteNavesChem\Fuentes\VeslinkReportExport-main\Veslink.Business\ReportBusiness.cs:línea 120
   en VeslinkReportExport.VesselReportForm.btnExcel_Click(Object sender, EventArgs e) en C:\SVNUNAV\ReporteNavesChem\Fuentes\VeslinkReportExport-main\VeslinkReportExport\VesselReportForm.cs:línea 61
VeslinkReportExport.exe Information: 0 : 11-04-2022 11:48:40 - Generating report for the following parameters Vessel: MIAM - Voyage: 15
VeslinkReportExport.exe Information: 0 : 11-04-2022 11:50:13 - Successfully logged in
VeslinkReportExport.exe Information: 0 : 11-04-2022 11:50:15 - Vessel Report Generator has started successfully
VeslinkReportExport.exe Information: 0 : 11-04-2022 11:50:26 - Generating report for the following parameters Vessel: MIAM - Voyage: 15
VeslinkReportExport.exe Information: 0 : 11-04-2022 11:50:52 - Successfully logged in
VeslinkReportExport.exe Information: 0 : 11-04-2022 11:50:54 - Vessel Report Generator has started successfully
VeslinkReportExport.exe Information: 0 : 11-04-2022 11:51:05 - Generating report for the following parameters Vessel: MIAM - Voyage: 15
VeslinkReportExport.exe Information: 0 : 11-04-2022 11:51:12 - Report has been generated successfully - FileName: C:\reporteNaves\excel\MIAM_15_ED&F MAN LIQUID PRODUCTS.xlsx
VeslinkReportExport.exe Information: 0 : 11-04-2022 12:01:25 - Successfully logged in
VeslinkReportExport.exe Information: 0 : 11-04-2022 12:01:27 - Vessel Report Generator has started successfully
VeslinkReportExport.exe Information: 0 : 11-04-2022 12:01:58 - Generating report for the following parameters Vessel: GGPA - Voyage: 71
VeslinkReportExport.exe Information: 0 : 11-04-2022 12:25:03 - Report has been generated successfully - FileName: GGPA_71_CARGILL AMERICAS  INC
VeslinkReportExport.exe Information: 0 : 11-04-2022 12:25:11 - Successfully logged in
VeslinkReportExport.exe Information: 0 : 11-04-2022 12:25:13 - Vessel Report Generator has started successfully
VeslinkReportExport.exe Information: 0 : 11-04-2022 12:25:40 - Generating report for the following parameters Vessel: GGPA - Voyage: 71
VeslinkReportExport.exe Information: 0 : 11-04-2022 12:25:50 - Report has been generated successfully - FileName: C:\reporteNaves\excel\GGPA_71_CARGILL AMERICAS  INCv5.xlsx
VeslinkReportExport.exe Information: 0 : 11-04-2022 12:26:45 - Generating report for the following parameters Vessel: GGPA - Voyage: 71
VeslinkReportExport.exe Information: 0 : 11-04-2022 12:28:37 - Successfully logged in
VeslinkReportExport.exe Information: 0 : 11-04-2022 12:28:39 - Vessel Report Generator has started successfully
VeslinkReportExport.exe Information: 0 : 11-04-2022 12:28:57 - Generating report for the following parameters Vessel: GGPA - Voyage: 71
VeslinkReportExport.exe Information: 0 : 11-04-2022 12:29:07 - Report has been generated successfully - FileName: C:\reporteNaves\excel\GGPA_71_CARGILL AMERICAS  INCv6.xlsx
VeslinkReportExport.exe Information: 0 : 11-04-2022 12:31:45 - Generating report for the following parameters Vessel: GGPA - Voyage: 71
VeslinkReportExport.exe Information: 0 : 11-04-2022 12:31:55 - Report has been generated successfully - FileName: C:\reporteNaves\excel\GGPA_71_CARGILL AMERICAS  INC.xlsx
VeslinkReportExport.exe Information: 0 : 11-04-2022 12:35:14 - Generating report for the following parameters Vessel: GGPA - Voyage: 71
VeslinkReportExport.exe Information: 0 : 11-04-2022 12:37:49 - Report has been generated successfully - FileName: GGPA_71_CARGILL AMERICAS  INC
VeslinkReportExport.exe Information: 0 : 11-04-2022 12:39:31 - Generating report for the following parameters Vessel: GGPA - Voyage: 71
VeslinkReportExport.exe Information: 0 : 11-04-2022 12:43:22 - Successfully logged in
VeslinkReportExport.exe Information: 0 : 11-04-2022 12:43:24 - Vessel Report Generator has started successfully
VeslinkReportExport.exe Information: 0 : 11-04-2022 12:43:39 - Generating report for the following parameters Vessel: GGPA - Voyage: 71
VeslinkReportExport.exe Information: 0 : 11-04-2022 12:43:50 - Report has been generated successfully - FileName: C:\reporteNaves\excel\GGPA_71_CARGILL AMERICAS  INCv7.xlsx
VeslinkReportExport.exe Information: 0 : 11-04-2022 12:45:41 - Successfully logged in
VeslinkReportExport.exe Information: 0 : 11-04-2022 12:45:44 - Vessel Report Generator has started successfully
VeslinkReportExport.exe Information: 0 : 11-04-2022 12:46:01 - Generating report for the following parameters Vessel: GGPA - Voyage: 71
VeslinkReportExport.exe Information: 0 : 11-04-2022 12:46:21 - Report has been generated successfully - FileName: C:\reporteNaves\excel\GGPA_71_CARGILL AMERICAS  INCv76.xlsx
VeslinkReportExport.exe Information: 0 : 11-04-2022 12:47:42 - Successfully logged in
VeslinkReportExport.exe Information: 0 : 11-04-2022 12:47:44 - Vessel Report Generator has started successfully
VeslinkReportExport.exe Information: 0 : 11-04-2022 12:48:00 - Generating report for the following parameters Vessel: GGPA - Voyage: 71
VeslinkReportExport.exe Information: 0 : 11-04-2022 12:48:28 - Report has been generated successfully - FileName: C:\reporteNaves\excel\GGPA_71_CARGILL AMERICAS  INCv8.xlsx
VeslinkReportExport.exe Information: 0 : 11-04-2022 13:39:37 - Successfully logged in
VeslinkReportExport.exe Information: 0 : 11-04-2022 13:39:39 - Vessel Report Generator has started successfully
VeslinkReportExport.exe Information: 0 : 11-04-2022 13:39:56 - Generating report for the following parameters Vessel: MIAM - Voyage: 15
VeslinkReportExport.exe Information: 0 : 11-04-2022 13:44:21 - Successfully logged in
VeslinkReportExport.exe Information: 0 : 11-04-2022 13:44:23 - Vessel Report Generator has started successfully
VeslinkReportExport.exe Information: 0 : 11-04-2022 13:45:31 - Generating report for the following parameters Vessel: MIAM - Voyage: 15
VeslinkReportExport.exe Information: 0 : 11-04-2022 13:46:33 - Successfully logged in
VeslinkReportExport.exe Information: 0 : 11-04-2022 13:46:39 - Successfully logged in
VeslinkReportExport.exe Information: 0 : 11-04-2022 13:46:41 - Vessel Report Generator has started successfully
VeslinkReportExport.exe Information: 0 : 11-04-2022 13:46:59 - Generating report for the following parameters Vessel: MIAM - Voyage: 15
VeslinkReportExport.exe Information: 0 : 11-04-2022 13:47:13 - Report has been generated successfully - FileName: C:\reporteNaves\excel\MIAM_15_ED&F MAN LIQUID PRODUCTSb98.xlsx
VeslinkReportExport.exe Information: 0 : 11-04-2022 16:11:43 - Successfully logged in
VeslinkReportExport.exe Information: 0 : 11-04-2022 16:11:45 - Vessel Report Generator has started successfully
VeslinkReportExport.exe Information: 0 : 11-04-2022 16:12:02 - Generating report for the following parameters Vessel: MIAM - Voyage: 14
VeslinkReportExport.exe Information: 0 : 11-04-2022 16:12:14 - Report has been generated successfully - FileName: C:\reporteNaves\excel\MIAM_14_BUNGE LATIN AMERICA  LLC.xlsx
